# JRE version: OpenJDK Runtime Environment (11.0.13) (build 11.0.13+0-b1751.21-8125866)
# Java VM: OpenJDK 64-Bit Server VM (11.0.13+0-b1751.21-8125866, mixed mode, tiered, compressed oops, g1 gc, linux-amd64)
Heap:
 garbage-first heap   total 992256K, used 201556K [0x0000000080000000, 0x0000000100000000)
  region size 1024K, 4 young (4096K), 4 survivors (4096K)
 Metaspace       used 120768K, capacity 124249K, committed 124384K, reserved 1157120K
  class space    used 15238K, capacity 16566K, committed 16628K, reserved 1048576K
GC Heap History (20 events):
Event: 460,851 GC heap after
{Heap after GC invocations=73 (full 0):
 garbage-first heap   total 549888K, used 244245K [0x0000000080000000, 0x0000000100000000)
  region size 1024K, 4 young (4096K), 4 survivors (4096K)
 Metaspace       used 120404K, capacity 123819K, committed 124128K, reserved 1157120K
  class space    used 15233K, capacity 16559K, committed 16628K, reserved 1048576K
}
Event: 461,696 GC heap before
{Heap before GC invocations=73 (full 0):
 garbage-first heap   total 549888K, used 269845K [0x0000000080000000, 0x0000000100000000)
  region size 1024K, 27 young (27648K), 4 survivors (4096K)
 Metaspace       used 120511K, capacity 123904K, committed 124128K, reserved 1157120K
  class space    used 15236K, capacity 16564K, committed 16628K, reserved 1048576K
}
Event: 461,840 GC heap after
{Heap after GC invocations=74 (full 0):
 garbage-first heap   total 549888K, used 249228K [0x0000000080000000, 0x0000000100000000)
  region size 1024K, 3 young (3072K), 3 survivors (3072K)
 Metaspace       used 120511K, capacity 123904K, committed 124128K, reserved 1157120K
  class space    used 15236K, capacity 16564K, committed 16628K, reserved 1048576K
}
Event: 462,868 GC heap before
{Heap before GC invocations=74 (full 0):
 garbage-first heap   total 549888K, used 271756K [0x0000000080000000, 0x0000000100000000)
  region size 1024K, 26 young (26624K), 3 survivors (3072K)
 Metaspace       used 120728K, capacity 124172K, committed 124384K, reserved 1157120K
  class space    used 15236K, capacity 16564K, committed 16628K, reserved 1048576K
}
Event: 462,909 GC heap after
{Heap after GC invocations=75 (full 0):
 garbage-first heap   total 549888K, used 247512K [0x0000000080000000, 0x0000000100000000)
  region size 1024K, 1 young (1024K), 1 survivors (1024K)
 Metaspace       used 120728K, capacity 124172K, committed 124384K, reserved 1157120K
  class space    used 15236K, capacity 16564K, committed 16628K, reserved 1048576K
}
Event: 463,136 GC heap before
{Heap before GC invocations=75 (full 0):
 garbage-first heap   total 549888K, used 249560K [0x0000000080000000, 0x0000000100000000)
  region size 1024K, 4 young (4096K), 1 survivors (1024K)
 Metaspace       used 120748K, capacity 124248K, committed 124384K, reserved 1157120K
  class space    used 15238K, capacity 16566K, committed 16628K, reserved 1048576K
}
Event: 463,172 GC heap after
{Heap after GC invocations=76 (full 0):
 garbage-first heap   total 549888K, used 247769K [0x0000000080000000, 0x0000000100000000)
  region size 1024K, 2 young (2048K), 2 survivors (2048K)
 Metaspace       used 120748K, capacity 124248K, committed 124384K, reserved 1157120K
  class space    used 15238K, capacity 16566K, committed 16628K, reserved 1048576K
}
Event: 463,832 GC heap before
{Heap before GC invocations=76 (full 0):
 garbage-first heap   total 549888K, used 301017K [0x0000000080000000, 0x0000000100000000)
  region size 1024K, 26 young (26624K), 2 survivors (2048K)
 Metaspace       used 120759K, capacity 124248K, committed 124384K, reserved 1157120K
  class space    used 15238K, capacity 16566K, committed 16628K, reserved 1048576K
}
Event: 464,032 GC heap after
{Heap after GC invocations=77 (full 0):
 garbage-first heap   total 549888K, used 273397K [0x0000000080000000, 0x0000000100000000)
  region size 1024K, 4 young (4096K), 4 survivors (4096K)
 Metaspace       used 120759K, capacity 124248K, committed 124384K, reserved 1157120K
  class space    used 15238K, capacity 16566K, committed 16628K, reserved 1048576K
}
Event: 464,906 GC heap before
{Heap before GC invocations=77 (full 0):
 garbage-first heap   total 549888K, used 295925K [0x0000000080000000, 0x0000000100000000)
  region size 1024K, 26 young (26624K), 4 survivors (4096K)
 Metaspace       used 120760K, capacity 124248K, committed 124384K, reserved 1157120K
  class space    used 15238K, capacity 16566K, committed 16628K, reserved 1048576K
}
Event: 465,133 GC heap after
{Heap after GC invocations=78 (full 0):
 garbage-first heap   total 549888K, used 285696K [0x0000000080000000, 0x0000000100000000)
  region size 1024K, 4 young (4096K), 4 survivors (4096K)
 Metaspace       used 120760K, capacity 124248K, committed 124384K, reserved 1157120K
  class space    used 15238K, capacity 16566K, committed 16628K, reserved 1048576K
}
Event: 466,556 GC heap before
{Heap before GC invocations=78 (full 0):
 garbage-first heap   total 549888K, used 214016K [0x0000000080000000, 0x0000000100000000)
  region size 1024K, 26 young (26624K), 4 survivors (4096K)
 Metaspace       used 120760K, capacity 124248K, committed 124384K, reserved 1157120K
  class space    used 15238K, capacity 16566K, committed 16628K, reserved 1048576K
}
Event: 466,850 GC heap after
{Heap after GC invocations=79 (full 0):
 garbage-first heap   total 549888K, used 204800K [0x0000000080000000, 0x0000000100000000)
  region size 1024K, 4 young (4096K), 4 survivors (4096K)
 Metaspace       used 120760K, capacity 124248K, committed 124384K, reserved 1157120K
  class space    used 15238K, capacity 16566K, committed 16628K, reserved 1048576K
}
Event: 468,035 GC heap before
{Heap before GC invocations=80 (full 0):
 garbage-first heap   total 549888K, used 227328K [0x0000000080000000, 0x0000000100000000)
  region size 1024K, 26 young (26624K), 4 survivors (4096K)
 Metaspace       used 120760K, capacity 124248K, committed 124384K, reserved 1157120K
  class space    used 15238K, capacity 16566K, committed 16628K, reserved 1048576K
}
Event: 468,360 GC heap after
{Heap after GC invocations=81 (full 0):
 garbage-first heap   total 549888K, used 217088K [0x0000000080000000, 0x0000000100000000)
  region size 1024K, 4 young (4096K), 4 survivors (4096K)
 Metaspace       used 120760K, capacity 124248K, committed 124384K, reserved 1157120K
  class space    used 15238K, capacity 16566K, committed 16628K, reserved 1048576K
}
Event: 469,055 GC heap before
{Heap before GC invocations=81 (full 0):
 garbage-first heap   total 549888K, used 240640K [0x0000000080000000, 0x0000000100000000)
  region size 1024K, 26 young (26624K), 4 survivors (4096K)
 Metaspace       used 120766K, capacity 124249K, committed 124384K, reserved 1157120K
  class space    used 15238K, capacity 16566K, committed 16628K, reserved 1048576K
}
Event: 469,278 GC heap after
{Heap after GC invocations=82 (full 0):
 garbage-first heap   total 549888K, used 209254K [0x0000000080000000, 0x0000000100000000)
  region size 1024K, 4 young (4096K), 4 survivors (4096K)
 Metaspace       used 120766K, capacity 124249K, committed 124384K, reserved 1157120K
  class space    used 15238K, capacity 16566K, committed 16628K, reserved 1048576K
}
Event: 470,407 GC heap before
{Heap before GC invocations=82 (full 0):
 garbage-first heap   total 549888K, used 236902K [0x0000000080000000, 0x0000000100000000)
  region size 1024K, 26 young (26624K), 4 survivors (4096K)
 Metaspace       used 120768K, capacity 124249K, committed 124384K, reserved 1157120K
  class space    used 15238K, capacity 16566K, committed 16628K, reserved 1048576K
}
Event: 470,521 GC heap after
{Heap after GC invocations=83 (full 0):
 garbage-first heap   total 549888K, used 205120K [0x0000000080000000, 0x0000000100000000)
  region size 1024K, 4 young (4096K), 4 survivors (4096K)
 Metaspace       used 120768K, capacity 124249K, committed 124384K, reserved 1157120K
  class space    used 15238K, capacity 16566K, committed 16628K, reserved 1048576K
}
Event: 471,649 GC heap before
{Heap before GC invocations=83 (full 0):
 garbage-first heap   total 549888K, used 232768K [0x0000000080000000, 0x0000000100000000)
  region size 1024K, 26 young (26624K), 4 survivors (4096K)
 Metaspace       used 120768K, capacity 124249K, committed 124384K, reserved 1157120K
  class space    used 15238K, capacity 16566K, committed 16628K, reserved 1048576K
}

